{"numTotalTestSuites":43,"numPassedTestSuites":43,"numFailedTestSuites":0,"numPendingTestSuites":0,"numTotalTests":120,"numPassedTests":120,"numFailedTests":0,"numPendingTests":0,"numTodoTests":0,"startTime":1764432034760,"success":true,"testResults":[{"assertionResults":[{"ancestorTitles":["","Property 5: Evidence Drawer Content"],"fullName":" Property 5: Evidence Drawer Content expanded drawer contains all three required sections (rules, matched text, policy refs)","status":"passed","title":"expanded drawer contains all three required sections (rules, matched text, policy refs)","duration":13415,"failureMessages":[]},{"ancestorTitles":["","Property 5: Evidence Drawer Content"],"fullName":" Property 5: Evidence Drawer Content rules section displays correct count badge","status":"passed","title":"rules section displays correct count badge","duration":4641,"failureMessages":[]},{"ancestorTitles":["","Property 5: Evidence Drawer Content"],"fullName":" Property 5: Evidence Drawer Content matched text section displays correct count badge","status":"passed","title":"matched text section displays correct count badge","duration":5052,"failureMessages":[]},{"ancestorTitles":["","Property 5: Evidence Drawer Content"],"fullName":" Property 5: Evidence Drawer Content policy refs section displays correct count badge","status":"passed","title":"policy refs section displays correct count badge","duration":4188,"failureMessages":[]},{"ancestorTitles":["","Property 5: Evidence Drawer Content"],"fullName":" Property 5: Evidence Drawer Content expanded sections display their content","status":"passed","title":"expanded sections display their content","duration":3983,"failureMessages":[]},{"ancestorTitles":["","Property 5: Evidence Drawer Content"],"fullName":" Property 5: Evidence Drawer Content summary count is displayed on collapsed trigger","status":"passed","title":"summary count is displayed on collapsed trigger","duration":1177,"failureMessages":[]}],"startTime":1764432052135,"endTime":1764432084591,"status":"passed","message":"","name":"E:/claimlens-starter/app/consumer/src/components/__tests__/EvidenceDrawer.property.spec.tsx"},{"assertionResults":[{"ancestorTitles":["","IssuesList - Property-Based Tests"],"fullName":" IssuesList - Property-Based Tests Property 4: Issue Grouping Completeness - all issues are categorized into exactly one group","status":"passed","title":"Property 4: Issue Grouping Completeness - all issues are categorized into exactly one group","duration":4202,"failureMessages":[]},{"ancestorTitles":["","IssuesList - Property-Based Tests"],"fullName":" IssuesList - Property-Based Tests Property: Issues with explicit categories are grouped correctly","status":"passed","title":"Property: Issues with explicit categories are grouped correctly","duration":1748,"failureMessages":[]},{"ancestorTitles":["","IssuesList - Property-Based Tests"],"fullName":" IssuesList - Property-Based Tests Property: No issues are lost during grouping process","status":"passed","title":"Property: No issues are lost during grouping process","duration":1617,"failureMessages":[]},{"ancestorTitles":["","IssuesList - Property-Based Tests"],"fullName":" IssuesList - Property-Based Tests Property: Empty issues array displays empty state","status":"passed","title":"Property: Empty issues array displays empty state","duration":17,"failureMessages":[]}],"startTime":1764432052608,"endTime":1764432060194,"status":"passed","message":"","name":"E:/claimlens-starter/app/consumer/src/components/__tests__/IssuesList.property.spec.tsx"},{"assertionResults":[{"ancestorTitles":["","ModeSwitch"],"fullName":" ModeSwitch should render consumer and business tabs","status":"passed","title":"should render consumer and business tabs","duration":236,"failureMessages":[]},{"ancestorTitles":["","ModeSwitch"],"fullName":" ModeSwitch should call onModeChange when switching modes","status":"passed","title":"should call onModeChange when switching modes","duration":546,"failureMessages":[]},{"ancestorTitles":["","ModeSwitch"],"fullName":" ModeSwitch should show active state for current mode","status":"passed","title":"should show active state for current mode","duration":27,"failureMessages":[]},{"ancestorTitles":["","ModeSwitch"],"fullName":" ModeSwitch should show inactive state for non-current mode","status":"passed","title":"should show inactive state for non-current mode","duration":15,"failureMessages":[]},{"ancestorTitles":["","ModeSwitch"],"fullName":" ModeSwitch should have proper ARIA role","status":"passed","title":"should have proper ARIA role","duration":154,"failureMessages":[]},{"ancestorTitles":["","ModeSwitch"],"fullName":" ModeSwitch should be keyboard accessible","status":"passed","title":"should be keyboard accessible","duration":267,"failureMessages":[]}],"startTime":1764432048285,"endTime":1764432049532,"status":"passed","message":"","name":"E:/claimlens-starter/app/consumer/src/components/__tests__/ModeSwitch.spec.tsx"},{"assertionResults":[{"ancestorTitles":["","ProofCard Component"],"fullName":" ProofCard Component should render canvas element","status":"passed","title":"should render canvas element","duration":224,"failureMessages":[]},{"ancestorTitles":["","ProofCard Component"],"fullName":" ProofCard Component should accept onGenerated callback prop","status":"passed","title":"should accept onGenerated callback prop","duration":27,"failureMessages":[]},{"ancestorTitles":["","ProofCard Component"],"fullName":" ProofCard Component should handle all verdict types","status":"passed","title":"should handle all verdict types","duration":69,"failureMessages":[]},{"ancestorTitles":["","ProofCard Component"],"fullName":" ProofCard Component should handle empty reasons array","status":"passed","title":"should handle empty reasons array","duration":12,"failureMessages":[]},{"ancestorTitles":["","ProofCard Component"],"fullName":" ProofCard Component should truncate long product names","status":"passed","title":"should truncate long product names","duration":26,"failureMessages":[]}],"startTime":1764432047944,"endTime":1764432048303,"status":"passed","message":"","name":"E:/claimlens-starter/app/consumer/src/components/__tests__/ProofCard.spec.tsx"},{"assertionResults":[{"ancestorTitles":["","ProofStrip"],"fullName":" ProofStrip should render all trust anchors","status":"passed","title":"should render all trust anchors","duration":312,"failureMessages":[]},{"ancestorTitles":["","ProofStrip"],"fullName":" ProofStrip should render trust anchor descriptions","status":"passed","title":"should render trust anchor descriptions","duration":73,"failureMessages":[]},{"ancestorTitles":["","ProofStrip"],"fullName":" ProofStrip should render with glassmorphism styling","status":"passed","title":"should render with glassmorphism styling","duration":24,"failureMessages":[]},{"ancestorTitles":["","ProofStrip"],"fullName":" ProofStrip should display all three trust anchor icons","status":"passed","title":"should display all three trust anchor icons","duration":89,"failureMessages":[]}],"startTime":1764432047897,"endTime":1764432048396,"status":"passed","message":"","name":"E:/claimlens-starter/app/consumer/src/components/__tests__/ProofStrip.spec.tsx"},{"assertionResults":[{"ancestorTitles":["","ReceiptsDrawer"],"fullName":" ReceiptsDrawer should render trigger button","status":"passed","title":"should render trigger button","duration":203,"failureMessages":[]},{"ancestorTitles":["","ReceiptsDrawer"],"fullName":" ReceiptsDrawer should expand on click","status":"passed","title":"should expand on click","duration":667,"failureMessages":[]},{"ancestorTitles":["","ReceiptsDrawer"],"fullName":" ReceiptsDrawer should show empty state when no receipts","status":"passed","title":"should show empty state when no receipts","duration":257,"failureMessages":[]},{"ancestorTitles":["","ReceiptsDrawer"],"fullName":" ReceiptsDrawer should render receipts when provided","status":"passed","title":"should render receipts when provided","duration":333,"failureMessages":[]},{"ancestorTitles":["","ReceiptsDrawer"],"fullName":" ReceiptsDrawer should collapse when clicking trigger again","status":"passed","title":"should collapse when clicking trigger again","duration":387,"failureMessages":[]},{"ancestorTitles":["","ReceiptsDrawer"],"fullName":" ReceiptsDrawer should close on ESC key","status":"passed","title":"should close on ESC key","duration":210,"failureMessages":[]},{"ancestorTitles":["","ReceiptsDrawer"],"fullName":" ReceiptsDrawer should have proper ARIA attributes","status":"passed","title":"should have proper ARIA attributes","duration":19,"failureMessages":[]},{"ancestorTitles":["","ReceiptsDrawer"],"fullName":" ReceiptsDrawer should update ARIA expanded when opened","status":"passed","title":"should update ARIA expanded when opened","duration":160,"failureMessages":[]},{"ancestorTitles":["","ReceiptsDrawer"],"fullName":" ReceiptsDrawer should display correlation ID when provided","status":"passed","title":"should display correlation ID when provided","duration":192,"failureMessages":[]},{"ancestorTitles":["","ReceiptsDrawer"],"fullName":" ReceiptsDrawer should display checks run count when provided","status":"passed","title":"should display checks run count when provided","duration":171,"failureMessages":[]},{"ancestorTitles":["","ReceiptsDrawer"],"fullName":" ReceiptsDrawer should render receipt details when available","status":"passed","title":"should render receipt details when available","duration":286,"failureMessages":[]}],"startTime":1764432053000,"endTime":1764432055887,"status":"passed","message":"","name":"E:/claimlens-starter/app/consumer/src/components/__tests__/ReceiptsDrawer.spec.tsx"},{"assertionResults":[{"ancestorTitles":["","Property 7: Reduced Motion Respect"],"fullName":" Property 7: Reduced Motion Respect spectral glow animation respects prefers-reduced-motion for all active stages","status":"passed","title":"spectral glow animation respects prefers-reduced-motion for all active stages","duration":8716,"failureMessages":[]},{"ancestorTitles":["","Property 7: Reduced Motion Respect"],"fullName":" Property 7: Reduced Motion Respect progress bar animation respects prefers-reduced-motion for all active stages","status":"passed","title":"progress bar animation respects prefers-reduced-motion for all active stages","duration":4848,"failureMessages":[]},{"ancestorTitles":["","Property 7: Reduced Motion Respect"],"fullName":" Property 7: Reduced Motion Respect container transitions respect prefers-reduced-motion for all stages","status":"passed","title":"container transitions respect prefers-reduced-motion for all stages","duration":2343,"failureMessages":[]},{"ancestorTitles":["","Property 7: Reduced Motion Respect"],"fullName":" Property 7: Reduced Motion Respect component renders correctly for all stages regardless of motion preference","status":"passed","title":"component renders correctly for all stages regardless of motion preference","duration":222,"failureMessages":[]},{"ancestorTitles":["","Property 7: Reduced Motion Respect"],"fullName":" Property 7: Reduced Motion Respect error messages display correctly with reduced motion enabled","status":"passed","title":"error messages display correctly with reduced motion enabled","duration":264,"failureMessages":[]},{"ancestorTitles":["","Property 7: Reduced Motion Respect"],"fullName":" Property 7: Reduced Motion Respect stage labels are always visible regardless of motion preference","status":"passed","title":"stage labels are always visible regardless of motion preference","duration":199,"failureMessages":[]}],"startTime":1764432048780,"endTime":1764432065374,"status":"passed","message":"","name":"E:/claimlens-starter/app/consumer/src/components/__tests__/ScanProgress.property.spec.tsx"},{"assertionResults":[{"ancestorTitles":["","VerdictBadge"],"fullName":" VerdictBadge should render allow verdict with correct styling","status":"passed","title":"should render allow verdict with correct styling","duration":594,"failureMessages":[]},{"ancestorTitles":["","VerdictBadge"],"fullName":" VerdictBadge should render caution verdict with correct styling","status":"passed","title":"should render caution verdict with correct styling","duration":144,"failureMessages":[]},{"ancestorTitles":["","VerdictBadge"],"fullName":" VerdictBadge should render avoid verdict with correct styling","status":"passed","title":"should render avoid verdict with correct styling","duration":162,"failureMessages":[]},{"ancestorTitles":["","VerdictBadge"],"fullName":" VerdictBadge should capitalize verdict label","status":"passed","title":"should capitalize verdict label","duration":21,"failureMessages":[]},{"ancestorTitles":["","VerdictBadge"],"fullName":" VerdictBadge should have icon marked as aria-hidden","status":"passed","title":"should have icon marked as aria-hidden","duration":20,"failureMessages":[]}],"startTime":1764432050644,"endTime":1764432051587,"status":"passed","message":"","name":"E:/claimlens-starter/app/consumer/src/components/__tests__/VerdictBadge.spec.tsx"},{"assertionResults":[{"ancestorTitles":["","Property 2: Verdict Consistency"],"fullName":" Property 2: Verdict Consistency verdict is deterministically derived from trust score: >= 70 → allow, 40-69 → modify, < 40 → avoid","status":"passed","title":"verdict is deterministically derived from trust score: >= 70 → allow, 40-69 → modify, < 40 → avoid","duration":7122,"failureMessages":[]},{"ancestorTitles":["","Property 2: Verdict Consistency"],"fullName":" Property 2: Verdict Consistency score of 70 maps to allow verdict","status":"passed","title":"score of 70 maps to allow verdict","duration":102,"failureMessages":[]},{"ancestorTitles":["","Property 2: Verdict Consistency"],"fullName":" Property 2: Verdict Consistency score of 69 maps to modify verdict","status":"passed","title":"score of 69 maps to modify verdict","duration":57,"failureMessages":[]},{"ancestorTitles":["","Property 2: Verdict Consistency"],"fullName":" Property 2: Verdict Consistency score of 40 maps to modify verdict","status":"passed","title":"score of 40 maps to modify verdict","duration":56,"failureMessages":[]},{"ancestorTitles":["","Property 2: Verdict Consistency"],"fullName":" Property 2: Verdict Consistency score of 39 maps to avoid verdict","status":"passed","title":"score of 39 maps to avoid verdict","duration":58,"failureMessages":[]},{"ancestorTitles":["","Property 3: Verdict Microcopy Mapping"],"fullName":" Property 3: Verdict Microcopy Mapping verdict microcopy matches specification for all verdict labels","status":"passed","title":"verdict microcopy matches specification for all verdict labels","duration":3930,"failureMessages":[]},{"ancestorTitles":["","Property 3: Verdict Microcopy Mapping"],"fullName":" Property 3: Verdict Microcopy Mapping allow verdict displays correct Kiroween microcopy","status":"passed","title":"allow verdict displays correct Kiroween microcopy","duration":36,"failureMessages":[]},{"ancestorTitles":["","Property 3: Verdict Microcopy Mapping"],"fullName":" Property 3: Verdict Microcopy Mapping modify verdict displays correct Kiroween microcopy","status":"passed","title":"modify verdict displays correct Kiroween microcopy","duration":38,"failureMessages":[]},{"ancestorTitles":["","Property 3: Verdict Microcopy Mapping"],"fullName":" Property 3: Verdict Microcopy Mapping avoid verdict displays correct Kiroween microcopy","status":"passed","title":"avoid verdict displays correct Kiroween microcopy","duration":37,"failureMessages":[]},{"ancestorTitles":["","Property 3: Verdict Microcopy Mapping"],"fullName":" Property 3: Verdict Microcopy Mapping each verdict has unique microcopy","status":"passed","title":"each verdict has unique microcopy","duration":1,"failureMessages":[]}],"startTime":1764432048801,"endTime":1764432060242,"status":"passed","message":"","name":"E:/claimlens-starter/app/consumer/src/components/__tests__/VerdictBanner.property.spec.tsx"},{"assertionResults":[{"ancestorTitles":["","Home Page","Hero Section"],"fullName":" Home Page Hero Section should render the main title","status":"passed","title":"should render the main title","duration":487,"failureMessages":[]},{"ancestorTitles":["","Home Page","Hero Section"],"fullName":" Home Page Hero Section should render the subtitle with proof-first messaging","status":"passed","title":"should render the subtitle with proof-first messaging","duration":193,"failureMessages":[]},{"ancestorTitles":["","Home Page","Hero Section"],"fullName":" Home Page Hero Section should render Start Scanning CTA button","status":"passed","title":"should render Start Scanning CTA button","duration":1445,"failureMessages":[]},{"ancestorTitles":["","Home Page","Hero Section"],"fullName":" Home Page Hero Section should render Try Demo button","status":"passed","title":"should render Try Demo button","duration":266,"failureMessages":[]},{"ancestorTitles":["","Home Page","What We Check / What We Don't Section"],"fullName":" Home Page What We Check / What We Don't Section should render the section heading","status":"passed","title":"should render the section heading","duration":172,"failureMessages":[]},{"ancestorTitles":["","Home Page","What We Check / What We Don't Section"],"fullName":" Home Page What We Check / What We Don't Section should render the expectations callout","status":"passed","title":"should render the expectations callout","duration":300,"failureMessages":[]},{"ancestorTitles":["","Home Page","What We Check / What We Don't Section"],"fullName":" Home Page What We Check / What We Don't Section should render \"What We Check\" column","status":"passed","title":"should render \"What We Check\" column","duration":165,"failureMessages":[]},{"ancestorTitles":["","Home Page","What We Check / What We Don't Section"],"fullName":" Home Page What We Check / What We Don't Section should render \"What We Don't Check\" column","status":"passed","title":"should render \"What We Don't Check\" column","duration":157,"failureMessages":[]},{"ancestorTitles":["","Home Page","What We Check / What We Don't Section"],"fullName":" Home Page What We Check / What We Don't Section should list banned health claims check","status":"passed","title":"should list banned health claims check","duration":254,"failureMessages":[]},{"ancestorTitles":["","Home Page","What We Check / What We Don't Section"],"fullName":" Home Page What We Check / What We Don't Section should list product recalls check","status":"passed","title":"should list product recalls check","duration":170,"failureMessages":[]},{"ancestorTitles":["","Home Page","What We Check / What We Don't Section"],"fullName":" Home Page What We Check / What We Don't Section should list allergens check","status":"passed","title":"should list allergens check","duration":109,"failureMessages":[]},{"ancestorTitles":["","Home Page","What We Check / What We Don't Section"],"fullName":" Home Page What We Check / What We Don't Section should list weasel words check","status":"passed","title":"should list weasel words check","duration":114,"failureMessages":[]},{"ancestorTitles":["","Home Page","What We Check / What We Don't Section"],"fullName":" Home Page What We Check / What We Don't Section should list missing disclaimers check","status":"passed","title":"should list missing disclaimers check","duration":88,"failureMessages":[]},{"ancestorTitles":["","Home Page","What We Check / What We Don't Section"],"fullName":" Home Page What We Check / What We Don't Section should clarify no lab testing","status":"passed","title":"should clarify no lab testing","duration":175,"failureMessages":[]},{"ancestorTitles":["","Home Page","What We Check / What We Don't Section"],"fullName":" Home Page What We Check / What We Don't Section should clarify no medical diagnosis","status":"passed","title":"should clarify no medical diagnosis","duration":149,"failureMessages":[]},{"ancestorTitles":["","Home Page","What We Check / What We Don't Section"],"fullName":" Home Page What We Check / What We Don't Section should clarify no nutritional quality assessment","status":"passed","title":"should clarify no nutritional quality assessment","duration":68,"failureMessages":[]},{"ancestorTitles":["","Home Page","What We Check / What We Don't Section"],"fullName":" Home Page What We Check / What We Don't Section should clarify no taste or quality assessment","status":"passed","title":"should clarify no taste or quality assessment","duration":89,"failureMessages":[]},{"ancestorTitles":["","Home Page","How It Works Section"],"fullName":" Home Page How It Works Section should render the section heading","status":"passed","title":"should render the section heading","duration":69,"failureMessages":[]},{"ancestorTitles":["","Home Page","How It Works Section"],"fullName":" Home Page How It Works Section should render three steps","status":"passed","title":"should render three steps","duration":176,"failureMessages":[]},{"ancestorTitles":["","Home Page","How It Works Section"],"fullName":" Home Page How It Works Section should show scan methods","status":"passed","title":"should show scan methods","duration":77,"failureMessages":[]},{"ancestorTitles":["","Home Page","How It Works Section"],"fullName":" Home Page How It Works Section should show analysis methods","status":"passed","title":"should show analysis methods","duration":64,"failureMessages":[]},{"ancestorTitles":["","Home Page","How It Works Section"],"fullName":" Home Page How It Works Section should show decision outputs","status":"passed","title":"should show decision outputs","duration":99,"failureMessages":[]},{"ancestorTitles":["","Home Page","Features Section"],"fullName":" Home Page Features Section should render 4 Ways to Scan feature","status":"passed","title":"should render 4 Ways to Scan feature","duration":77,"failureMessages":[]},{"ancestorTitles":["","Home Page","Features Section"],"fullName":" Home Page Features Section should render Trust Score feature","status":"passed","title":"should render Trust Score feature","duration":74,"failureMessages":[]},{"ancestorTitles":["","Home Page","Features Section"],"fullName":" Home Page Features Section should render Allergen Alerts feature","status":"passed","title":"should render Allergen Alerts feature","duration":49,"failureMessages":[]},{"ancestorTitles":["","Home Page","Features Section"],"fullName":" Home Page Features Section should render Safer Alternatives feature","status":"passed","title":"should render Safer Alternatives feature","duration":61,"failureMessages":[]},{"ancestorTitles":["","Home Page","Features Section"],"fullName":" Home Page Features Section should render Works Offline feature","status":"passed","title":"should render Works Offline feature","duration":48,"failureMessages":[]},{"ancestorTitles":["","Home Page","Features Section"],"fullName":" Home Page Features Section should render Privacy First feature","status":"passed","title":"should render Privacy First feature","duration":76,"failureMessages":[]},{"ancestorTitles":["","Home Page","Final CTA Section"],"fullName":" Home Page Final CTA Section should render final CTA heading","status":"passed","title":"should render final CTA heading","duration":62,"failureMessages":[]},{"ancestorTitles":["","Home Page","Final CTA Section"],"fullName":" Home Page Final CTA Section should render final CTA button","status":"passed","title":"should render final CTA button","duration":471,"failureMessages":[]},{"ancestorTitles":["","Home Page","Final CTA Section"],"fullName":" Home Page Final CTA Section should display trust messaging","status":"passed","title":"should display trust messaging","duration":55,"failureMessages":[]},{"ancestorTitles":["","Home Page","Component Integration"],"fullName":" Home Page Component Integration should render FloatingFoodCards component","status":"passed","title":"should render FloatingFoodCards component","duration":31,"failureMessages":[]},{"ancestorTitles":["","Home Page","Component Integration"],"fullName":" Home Page Component Integration should render ModeSwitch component","status":"passed","title":"should render ModeSwitch component","duration":23,"failureMessages":[]},{"ancestorTitles":["","Home Page","Component Integration"],"fullName":" Home Page Component Integration should render ProofStrip component","status":"passed","title":"should render ProofStrip component","duration":54,"failureMessages":[]}],"startTime":1764432052476,"endTime":1764432058450,"status":"passed","message":"","name":"E:/claimlens-starter/app/consumer/src/pages/__tests__/Home.spec.tsx"},{"assertionResults":[{"ancestorTitles":["","Results Page"],"fullName":" Results Page should render empty state when no results","status":"passed","title":"should render empty state when no results","duration":235,"failureMessages":[]},{"ancestorTitles":["","Results Page"],"fullName":" Results Page should render results when data is in sessionStorage","status":"passed","title":"should render results when data is in sessionStorage","duration":388,"failureMessages":[]},{"ancestorTitles":["","Results Page"],"fullName":" Results Page should render issues list when issues present","status":"passed","title":"should render issues list when issues present","duration":436,"failureMessages":[]},{"ancestorTitles":["","Results Page"],"fullName":" Results Page should clamp trust score to 100 maximum","status":"passed","title":"should clamp trust score to 100 maximum","duration":128,"failureMessages":[]},{"ancestorTitles":["","Results Page"],"fullName":" Results Page should clamp trust score to 0 minimum","status":"passed","title":"should clamp trust score to 0 minimum","duration":1002,"failureMessages":[]},{"ancestorTitles":["","Results Page"],"fullName":" Results Page should render receipts drawer","status":"passed","title":"should render receipts drawer","duration":227,"failureMessages":[]},{"ancestorTitles":["","Results Page"],"fullName":" Results Page should show improved verdict copy for clean products","status":"passed","title":"should show improved verdict copy for clean products","duration":104,"failureMessages":[]}],"startTime":1764432053126,"endTime":1764432055648,"status":"passed","message":"","name":"E:/claimlens-starter/app/consumer/src/pages/__tests__/Results.spec.tsx"},{"assertionResults":[{"ancestorTitles":["","Property 6: Accessibility Focus Visibility"],"fullName":" Property 6: Accessibility Focus Visibility focus ring colors meet WCAG AA contrast requirements against all backgrounds","status":"passed","title":"focus ring colors meet WCAG AA contrast requirements against all backgrounds","duration":69,"failureMessages":[]},{"ancestorTitles":["","Property 6: Accessibility Focus Visibility"],"fullName":" Property 6: Accessibility Focus Visibility contrast ratio calculation is valid for any hex color pair","status":"passed","title":"contrast ratio calculation is valid for any hex color pair","duration":28,"failureMessages":[]},{"ancestorTitles":["","Property 6: Accessibility Focus Visibility"],"fullName":" Property 6: Accessibility Focus Visibility focus indicator width is sufficient for visibility","status":"passed","title":"focus indicator width is sufficient for visibility","duration":16,"failureMessages":[]},{"ancestorTitles":["","Property 6: Accessibility Focus Visibility"],"fullName":" Property 6: Accessibility Focus Visibility contrast ratio is symmetric","status":"passed","title":"contrast ratio is symmetric","duration":38,"failureMessages":[]},{"ancestorTitles":["","Property 6: Accessibility Focus Visibility"],"fullName":" Property 6: Accessibility Focus Visibility identical colors have contrast ratio of 1","status":"passed","title":"identical colors have contrast ratio of 1","duration":61,"failureMessages":[]}],"startTime":1764432049797,"endTime":1764432050012,"status":"passed","message":"","name":"E:/claimlens-starter/app/consumer/src/utils/__tests__/accessibility-focus.property.spec.ts"},{"assertionResults":[{"ancestorTitles":["","Accessibility Utils","getContrastRatio"],"fullName":" Accessibility Utils getContrastRatio should calculate contrast ratio between two colors","status":"passed","title":"should calculate contrast ratio between two colors","duration":6,"failureMessages":[]},{"ancestorTitles":["","Accessibility Utils","getContrastRatio"],"fullName":" Accessibility Utils getContrastRatio should calculate contrast for design system colors","status":"passed","title":"should calculate contrast for design system colors","duration":1,"failureMessages":[]},{"ancestorTitles":["","Accessibility Utils","meetsWCAGAA"],"fullName":" Accessibility Utils meetsWCAGAA should return true for sufficient contrast","status":"passed","title":"should return true for sufficient contrast","duration":2,"failureMessages":[]},{"ancestorTitles":["","Accessibility Utils","meetsWCAGAA"],"fullName":" Accessibility Utils meetsWCAGAA should return false for insufficient contrast","status":"passed","title":"should return false for insufficient contrast","duration":12,"failureMessages":[]}],"startTime":1764432048742,"endTime":1764432048765,"status":"passed","message":"","name":"E:/claimlens-starter/app/consumer/src/utils/__tests__/accessibility.spec.ts"},{"assertionResults":[{"ancestorTitles":["","Open Food Facts Integration"],"fullName":" Open Food Facts Integration should return null for product not found","status":"passed","title":"should return null for product not found","duration":25,"failureMessages":[]},{"ancestorTitles":["","Open Food Facts Integration"],"fullName":" Open Food Facts Integration should return product data for valid barcode","status":"passed","title":"should return product data for valid barcode","duration":623,"failureMessages":[]},{"ancestorTitles":["","Open Food Facts Integration"],"fullName":" Open Food Facts Integration should cache product data","status":"passed","title":"should cache product data","duration":622,"failureMessages":[]},{"ancestorTitles":["","Open Food Facts Integration"],"fullName":" Open Food Facts Integration should handle API errors gracefully","status":"passed","title":"should handle API errors gracefully","duration":613,"failureMessages":[]},{"ancestorTitles":["","Open Food Facts Integration"],"fullName":" Open Food Facts Integration should handle rate limiting","status":"passed","title":"should handle rate limiting","duration":605,"failureMessages":[]}],"startTime":1764432048530,"endTime":1764432051020,"status":"passed","message":"","name":"E:/claimlens-starter/app/consumer/src/utils/__tests__/open-food-facts.spec.ts"},{"assertionResults":[{"ancestorTitles":["","Share Utilities","encodeResultData"],"fullName":" Share Utilities encodeResultData should encode result data as base64","status":"passed","title":"should encode result data as base64","duration":20,"failureMessages":[]},{"ancestorTitles":["","Share Utilities","encodeResultData"],"fullName":" Share Utilities encodeResultData should handle complex objects","status":"passed","title":"should handle complex objects","duration":2,"failureMessages":[]},{"ancestorTitles":["","Share Utilities","generateShareUrl"],"fullName":" Share Utilities generateShareUrl should generate a valid share URL","status":"passed","title":"should generate a valid share URL","duration":3,"failureMessages":[]},{"ancestorTitles":["","Share Utilities","generateShareUrl"],"fullName":" Share Utilities generateShareUrl should use current origin","status":"passed","title":"should use current origin","duration":2,"failureMessages":[]},{"ancestorTitles":["","Share Utilities","shareContent"],"fullName":" Share Utilities shareContent should use Web Share API when available","status":"passed","title":"should use Web Share API when available","duration":19,"failureMessages":[]},{"ancestorTitles":["","Share Utilities","shareContent"],"fullName":" Share Utilities shareContent should fall back to clipboard when Web Share API is not available","status":"passed","title":"should fall back to clipboard when Web Share API is not available","duration":6,"failureMessages":[]},{"ancestorTitles":["","Share Utilities","shareContent"],"fullName":" Share Utilities shareContent should handle share cancellation","status":"passed","title":"should handle share cancellation","duration":2,"failureMessages":[]},{"ancestorTitles":["","Share Utilities","downloadImage"],"fullName":" Share Utilities downloadImage should create and trigger download link","status":"passed","title":"should create and trigger download link","duration":18,"failureMessages":[]}],"startTime":1764432050730,"endTime":1764432050808,"status":"passed","message":"","name":"E:/claimlens-starter/app/consumer/src/utils/__tests__/share.spec.ts"}]}